Performing C SOURCE FILE Test CMAKE_HAVE_LIBC_PTHREAD failed with the following output:
Change Dir: /cluster/home/jhb0089/damsa/HeChamberSim/build/CMakeFiles/CMakeTmp

Run Build Command(s):/usr/bin/gmake -f Makefile cmTC_835b2/fast && /usr/bin/gmake  -f CMakeFiles/cmTC_835b2.dir/build.make CMakeFiles/cmTC_835b2.dir/build
gmake[1]: Entering directory `/cluster/home/jhb0089/damsa/HeChamberSim/build/CMakeFiles/CMakeTmp'
Building C object CMakeFiles/cmTC_835b2.dir/src.c.o
/cluster/home/wyjang/app/gcc/8.1.0/x86_64-sl7-gnu/bin/gcc -DCMAKE_HAVE_LIBC_PTHREAD   -o CMakeFiles/cmTC_835b2.dir/src.c.o -c /cluster/home/jhb0089/damsa/HeChamberSim/build/CMakeFiles/CMakeTmp/src.c
Linking C executable cmTC_835b2
/cvmfs/sft.cern.ch/lcg/contrib/CMake/3.23.2/Linux-x86_64/bin/cmake -E cmake_link_script CMakeFiles/cmTC_835b2.dir/link.txt --verbose=1
/cluster/home/wyjang/app/gcc/8.1.0/x86_64-sl7-gnu/bin/gcc CMakeFiles/cmTC_835b2.dir/src.c.o -o cmTC_835b2 
CMakeFiles/cmTC_835b2.dir/src.c.o: In function `main':
src.c:(.text+0x2d): undefined reference to `pthread_create'
src.c:(.text+0x39): undefined reference to `pthread_detach'
src.c:(.text+0x45): undefined reference to `pthread_cancel'
src.c:(.text+0x56): undefined reference to `pthread_join'
src.c:(.text+0x6a): undefined reference to `pthread_atfork'
collect2: error: ld returned 1 exit status
gmake[1]: *** [cmTC_835b2] Error 1
gmake[1]: Leaving directory `/cluster/home/jhb0089/damsa/HeChamberSim/build/CMakeFiles/CMakeTmp'
gmake: *** [cmTC_835b2/fast] Error 2


Source file was:
#include <pthread.h>

static void* test_func(void* data)
{
  return data;
}

int main(void)
{
  pthread_t thread;
  pthread_create(&thread, NULL, test_func, NULL);
  pthread_detach(thread);
  pthread_cancel(thread);
  pthread_join(thread, NULL);
  pthread_atfork(NULL, NULL, NULL);
  pthread_exit(NULL);

  return 0;
}

